*------------------------------------------------------------*
* Report Log
Date:                December 19, 2019
Time:                16:27:22
*------------------------------------------------------------*
11617  %let _nimpute = 0;
11618  data EMWS1.Impt_RESULT;
11619  label NAME = "%sysfunc(sasmsg(sashelp.dmine, meta_name_vlabel,        NOQUOTE))" METHOD = "%sysfunc(sasmsg(sashelp.dmine, rpt_imputemethod_vlabel, NOQUOTE))" IMPUTED = "%sysfunc(sasmsg(sashelp.dmine, rpt_imputedvar_vlabel,   NOQUOTE))" INDICATOR =
11620     "%sysfunc(sasmsg(sashelp.dmine, rpt_indicatorvar_vlabel, NOQUOTE))" VALUE = "%sysfunc(sasmsg(sashelp.dmine, rpt_imputevalue_vlabel,  NOQUOTE))" ROLE = "%sysfunc(sasmsg(sashelp.dmine, meta_role_vlabel,        NOQUOTE))" LEVEL =
11621     "%sysfunc(sasmsg(sashelp.dmine, meta_level_vlabel,       NOQUOTE))" LABEL = "%sysfunc(sasmsg(sashelp.dmine, meta_label_vlabel,       NOQUOTE))" TRAIN = "%sysfunc(sasmsg(sashelp.dmine, rpt_missingcount_vlabel, NOQUOTE, TRAIN))";
11622  set EMWS1.Impt_META(where=(IMPUTED ne '') keep=NAME METHOD IMP VALUE ROLE NMISS LEVEL LABEL rename=(IMP=IMPUTED NMISS=TRAIN)) end=eof;
11623  if eof then call symput('_nimpute', '1');
11624  run;

NOTE: Variable INDICATOR is uninitialized.
NOTE: There were 1 observations read from the data set EMWS1.IMPT_META.
      WHERE IMPUTED not = ' ';
NOTE: The data set EMWS1.IMPT_RESULT has 1 observations and 8 variables.
NOTE: DATA statement used (Total process time):
      real time           0.01 seconds
      cpu time            0.00 seconds
      

11625  proc print data=EMWS1.Impt_RESULT(obs=500) label noobs;
11626  title9 "%sysfunc(sasmsg(sashelp.dmine, rpt_imputationsummary_title, NOQUOTE))";
11627  title10 "%sysfunc(sasmsg(sashelp.dmine, rpt_numberobs_title,         NOQUOTE))";
11628  run;

NOTE: There were 1 observations read from the data set EMWS1.IMPT_RESULT.
NOTE: The PROCEDURE PRINT printed page 2.
NOTE: PROCEDURE PRINT used (Total process time):
      real time           0.00 seconds
      cpu time            0.00 seconds
      

11629  proc freq data=EMWS1.Impt_RESULT noprint;
11630  table train /out=WORK.ImptSUMMARY nocum;
11631  run;

NOTE: There were 1 observations read from the data set EMWS1.IMPT_RESULT.
NOTE: The data set WORK.IMPTSUMMARY has 1 observations and 3 variables.
NOTE: PROCEDURE FREQ used (Total process time):
      real time           0.01 seconds
      cpu time            0.01 seconds
      

11632  proc sort data=WORK.ImptSUMMARY NOTHREADS;
11633  by descending TRAIN;
11634  run;

NOTE: There were 1 observations read from the data set WORK.IMPTSUMMARY.
NOTE: The data set WORK.IMPTSUMMARY has 1 observations and 3 variables.
NOTE: PROCEDURE SORT used (Total process time):
      real time           0.00 seconds
      cpu time            0.00 seconds
      

11635  proc print data=WORK.ImptSUMMARY(obs=100) label;
11636  label COUNT = "%sysfunc(sasmsg(sashelp.dmine, rpt_varcount_vlabel,  NOQUOTE))" PERCENT = "%sysfunc(sasmsg(sashelp.dmine, rpt_varpercent_vlabel,  NOQUOTE))";
11637  title9 ' ';
11638  title10 "%sysfunc(sasmsg(sashelp.dmine, rpt_missingvardistribution_title, NOQUOTE))";
11639  run;

NOTE: There were 1 observations read from the data set WORK.IMPTSUMMARY.
NOTE: The PROCEDURE PRINT printed page 3.
NOTE: PROCEDURE PRINT used (Total process time):
      real time           0.00 seconds
      cpu time            0.00 seconds
      

11640  data EMWS1.Impt_EMSCOREVAR;
11641  length Name $32 formula $70 file $200;
11642  keep NAME Formula file;
11643  set EMWS1.Impt_META end=eof;
11644  *set EMWS1.Impt_RESULT end=eof;
11645  if M ne '' then do;
11646  NAME= M;
11647  file="IMPUTECODE\"!!strip(NAME)!!'.sas';
11648  output;
11649  end;
11650  if IMP ne '' then do;
11651  NAME= IMP;
11652  file="IMPUTECODE\"!!strip(NAME)!!'.sas';
11653  output;
11654  end;
11655  run;

NOTE: Variable formula is uninitialized.
NOTE: There were 10 observations read from the data set EMWS1.IMPT_META.
NOTE: The data set EMWS1.IMPT_EMSCOREVAR has 11 observations and 3 variables.
NOTE: DATA statement used (Total process time):
      real time           0.00 seconds
      cpu time            0.00 seconds
      

