 
                                                                                                                                                                                                                                                                
 
Variable Importance

                                                                                                                                 Ratio of
                                       Number of                       Number of                                               Validation
                                       Splitting                        Rules in           Relative         Validation        to Training
      Variable Name           Label      Rules           Importance     CV Trees         Importance         Importance         Importance

DailyStockOpen_PrevDayOpen                 1                 1.0000        0                 0.0000             0.0000             0.0000
 
                                                                                                                                                                                                                                                                
 
Tree Leaf Report

                                 Training
Node               Training       Percent
 Id     Depth    Observations        1

  2       1            7             1   
  3       1            6             0   
 
                                                                                               
 
 
Fit Statistics

Target=Outcome Target Label=Outcome

   Fit
Statistics    Statistics Label              Train    Validation      Test

  _NOBS_      Sum of Frequencies              13        8.0000     14.0000
  _MISC_      Misclassification Rate           0        0.1250      0.1429
  _MAX_       Maximum Absolute Error           0        1.0000      1.0000
  _SSE_       Sum of Squared Errors            0        2.0000      4.0000
  _ASE_       Average Squared Error            0        0.1250      0.1429
  _RASE_      Root Average Squared Error       0        0.3536      0.3780
  _DIV_       Divisor for ASE                 26       16.0000     28.0000
  _DFT_       Total Degrees of Freedom        13         .           .    
 
                                                                                               
 
 
Classification Table

Data Role=TRAIN Target Variable=Outcome Target Label=Outcome

                       Target        Outcome     Frequency       Total
Target    Outcome    Percentage    Percentage      Count      Percentage

  0          0           100           100           6          46.1538 
  1          1           100           100           7          53.8462 


Data Role=VALIDATE Target Variable=Outcome Target Label=Outcome

                       Target        Outcome     Frequency       Total
Target    Outcome    Percentage    Percentage      Count      Percentage

  0          0            80           100           4           50.0   
  1          0            20            25           1           12.5   
  1          1           100            75           3           37.5   
 
                                                                                               
 
 
Event Classification Table

Data Role=TRAIN Target=Outcome Target Label=Outcome

  False       True        False       True
Negative    Negative    Positive    Positive

    .           6           0           7   


Data Role=VALIDATE Target=Outcome Target Label=Outcome

  False       True        False       True
Negative    Negative    Positive    Positive

    1           4           0           3   
 
                                                                                               
 
 
Assessment Score Rankings

Data Role=TRAIN Target Variable=Outcome Target Label=Outcome

                                                                                    Mean
                            Cumulative       %      Cumulative     Number of     Posterior
Depth     Gain      Lift       Lift      Response   % Response   Observations   Probability

   5    85.7143   1.85714     1.85714       100       100.000          1             1     
  10    85.7143   1.85714     1.85714       100       100.000          1             1     
  20    85.7143   1.85714     1.85714       100       100.000          1             1     
  25    85.7143   1.85714     1.85714       100       100.000          1             1     
  35    85.7143   1.85714     1.85714       100       100.000          1             1     
  40    85.7143   1.85714     1.85714       100       100.000          1             1     
  50    85.7143   1.85714     1.85714       100       100.000          1             1     
  55    62.5000   0.00000     1.62500         0        87.500          1             0     
  65    44.4444   0.00000     1.44444         0        77.778          1             0     
  70    30.0000   0.00000     1.30000         0        70.000          1             0     
  80    18.1818   0.00000     1.18182         0        63.636          1             0     
  85     8.3333   0.00000     1.08333         0        58.333          1             0     
  95     0.0000   0.00000     1.00000         0        53.846          1             0     


Data Role=VALIDATE Target Variable=Outcome Target Label=Outcome

                                                                                        Mean
                            Cumulative        %       Cumulative      Number of      Posterior
Depth       Gain    Lift       Lift       Response    % Response    Observations    Probability

   5     100.000     2.0      2.00000        100        100.000           1              1     
  15     100.000     2.0      2.00000        100        100.000           1              1     
  30     100.000     2.0      2.00000        100        100.000           1              1     
  40      60.000     0.4      1.60000         20         80.000           1              0     
  55      36.000     0.4      1.36000         20         68.000           1              0     
  65      20.000     0.4      1.20000         20         60.000           1              0     
  80       8.571     0.4      1.08571         20         54.286           1              0     
  90       0.000     0.4      1.00000         20         50.000           1              0     
 
                                                                                               
 
 
Assessment Score Distribution

Data Role=TRAIN Target Variable=Outcome Target Label=Outcome

 Posterior     Number                     Mean
Probability      of      Number of     Posterior
   Range       Events    Nonevents    Probability    Percentage

 0.95-1.00        7          0             1           53.8462 
 0.00-0.05        0          6             0           46.1538 


Data Role=VALIDATE Target Variable=Outcome Target Label=Outcome

 Posterior     Number                     Mean
Probability      of      Number of     Posterior
   Range       Events    Nonevents    Probability    Percentage

 0.95-1.00        3          0             1            37.5   
 0.00-0.05        1          4             0            62.5   
