 
                                                                                                                                                                                                                                                                
 
 
Variable Summary

          Measurement    Frequency
 Role        Level         Count

INPUT      INTERVAL          9    
TARGET     BINARY            1    
 
                                                                                                                                                                                                                                                                
 
 
Model Events

                                   Number
                    Measurement      of
Target     Event       Level       Levels      Order        Label

Outcome      1        BINARY          2      Descending    Outcome
 
                                                                                                                                                                                                                                                                
 
 
Predicted and decision variables

Type          Variable     Label

TARGET       Outcome       Outcome             
PREDICTED    P_Outcome1    Predicted: Outcome=1
RESIDUAL     R_Outcome1    Residual: Outcome=1 
PREDICTED    P_Outcome0    Predicted: Outcome=0
RESIDUAL     R_Outcome0    Residual: Outcome=0 
FROM         F_Outcome     From: Outcome       
INTO         I_Outcome     Into: Outcome       
 
                                                                                                                                                                                                                                                                
 
 

The DMREG Procedure

                Model Information

Training Data Set              WORK.EM_DMREG.VIEW
DMDB Catalog                   WORK.REG_DMDB     
Target Variable                Outcome (Outcome) 
Target Measurement Level       Ordinal           
Number of Target Categories    2                 
Error                          MBernoulli        
Link Function                  Logit             
Number of Model Parameters     10                
Number of Observations         13                


          Target Profile
 
 Ordered                     Total
   Value     Outcome     Frequency

       1     1                   7
       2     0                   6
 
                                                                                                                                                                                                                                                                
 
 

The DMREG Procedure

Newton-Raphson Ridge Optimization

Without Parameter Scaling

Parameter Estimates               6

                                             Optimization Start

Active Constraints                                  0  Objective Function                       8.9724137882
Max Abs Gradient Element                 3.1548717949                                                       


                                                                                                        Ratio
                                                                                                      Between
                                                                                                       Actual
                                                                 Objective     Max Abs                    and
                     Function         Active        Objective     Function    Gradient              Predicted
Iter     Restarts       Calls    Constraints         Function       Change     Element     Ridge       Change

   1            0           2              0          3.68289       5.2895      0.8513         0        1.161
   2            0           3              0          2.26312       1.4198      0.3744         0        1.333
   3            0           4              0          1.09875       1.1644      0.1624         0        1.350
   4            0           5              0          0.43843       0.6603      0.0635         0        1.273
   5            0           6              0          0.17103       0.2674      0.0246         0        1.275
   6            0           7              0          0.06365       0.1074     0.00921         0        1.268
   7            0           8              0          0.02334       0.0403     0.00339         0        1.264
   8            0           9              0          0.00857       0.0148     0.00125         0        1.264

                                            Optimization Results

Iterations                                          8  Function Calls                                     11
Hessian Calls                                       9  Active Constraints                                  0
Objective Function                       0.0085675579  Max Abs Gradient Element                 0.0012475398
Ridge                                               0  Actual Over Pred Change                  1.2638558045

Convergence criterion (ABSCONV=0.0089724138) satisfied.                                           

NOTE: At least one element of the gradient is greater than 1e-3.



     Likelihood Ratio Test for Global Null Hypothesis: BETA=0
 
     -2 Log Likelihood          Likelihood
  Intercept     Intercept &          Ratio
       Only      Covariates     Chi-Square       DF     Pr > ChiSq

     17.945           0.017        17.9277        5         0.0030


                                       Analysis of Maximum Likelihood Estimates
 
                                                      Standard          Wald                  Standardized
Parameter                           DF    Estimate       Error    Chi-Square    Pr > ChiSq        Estimate    Exp(Est)

Intercept                            1     -7244.0      7026.0          1.06        0.3025                       0.000
Change__                             1      4973.4     20071.7          0.06        0.8043          6.4456     999.000
DailyHighestPrice_StockOpenPrice     1      8063.1           .           .           .                   .     999.000
DailyLowestPrice_StockOpenPrice      0           0           .           .           .                   .        .   
DailyStockOpen_PrevClosePrice        1     -1385.0      8823.3          0.02        0.8753         -2.6882       0.000
DailyStockOpen_PrevDayOpen           0           0           .           .           .                   .        .   
High                                 1      6.3061       123.9          0.00        0.9594          1.4679     547.881
IMP_Price                            1      1.4600       120.5          0.00        0.9903          0.3033       4.306
Low                                  0           0           .           .           .                   .        .   
Open                                 0           0           .           .           .                   .        .   


              Odds Ratio Estimates
                        
                                            Point
Effect                                   Estimate

Change__                                  999.000
DailyHighestPrice_StockOpenPrice          999.000
DailyLowestPrice_StockOpenPrice              .   
DailyStockOpen_PrevClosePrice              <0.001
DailyStockOpen_PrevDayOpen                   .   
High                                      547.881
IMP_Price                                   4.306
Low                                          .   
Open                                         .   
