*------------------------------------------------------------*
* Report Log
Date:                December 19, 2019
Time:                13:32:19
*------------------------------------------------------------*
16572  %let EMEXCEPTIONSTRING=;
16573  *------------------------------------------------------------*;
16574  * REPORT: FIMPORT3;
16575  *------------------------------------------------------------*;
16576  %let EM_ACTION = REPORT;
16577  %let syscc = 0;
16578  /* Fimport.source */
16579  %macro main;
16580        %if %upcase(&EM_ACTION) = CREATE %then %do;
16581           filename temp catalog 'sashelp.emsamp.Fimport_create.source';
16582           %include temp;
16583           filename temp;
16584           %create;
16585        %end;
16586        %else
16587        %if %upcase(&EM_ACTION) = TRAIN %then %do;
16588           filename temp catalog 'sashelp.emsamp.Fimport_train.source';
16589           %include temp;
16590           filename temp;
16591           %train;
16592        %end;
16593        %else
16594        %if %upcase(&EM_ACTION) = UPDATE %then %do;
16595           filename temp catalog 'sashelp.emsamp.Fimport_update.source';
16596           %include temp;
16597           filename temp;
16598           %update;
16599        %end;
16600        %else
16601        %if %upcase(&EM_ACTION) = PROPERTY %then %do;
16602           filename temp catalog 'sashelp.emsamp.Fimport_actions.source';
16603           %include temp;
16604           filename temp;
16605           %property;
16606        %end;
16607         %else
16608        %if %upcase(&EM_ACTION) = SCORE %then %do;
16609           filename temp catalog 'sashelp.emsamp.Fimport_score.source';
16610           %include temp;
16611           filename temp;
16612           %score;
16613        %end;
16614        %else
16615        %if %upcase(&EM_ACTION) = REPORT %then %do;
16616           filename temp catalog 'sashelp.emsamp.Fimport_report.source';
16617           %include temp;
16618           filename temp;
16619           %report;
16620        %end;
16621        %else
16622        %if %upcase(&EM_ACTION) = OPENVARIABLESET %then %do;
16623           filename temp catalog 'sashelp.emsamp.Fimport_actions.source';
16624           %include temp;
16625           filename temp;
16626           %openvariableset;
16627        %end;
16628        %else
16629        %if %upcase(&EM_ACTION) = CLOSEVARIABLESET %then %do;
16630           filename temp catalog 'sashelp.emsamp.Fimport_actions.source';
16631           %include temp;
16632           filename temp;
16633           %closevariableset;
16634        %end;
16635  %mend main;
16636  %main;
NOTE: %INCLUDE (level 1) file TEMP is file SASHELP.EMSAMP.FIMPORT_REPORT.SOURCE.
16637 +%macro report;
16638 +    %em_getname(key=EMSTAT,     type=DATA);
16639 +    %em_getname(key=EMINFO,     type=DATA);
16640 +    %em_getname(key=CLASS,      type=DATA);
16641 +    %em_getname(key=INTERVAL,   type=DATA);
16642 +
16643 +    %em_REPORT(key=EMSTAT,   viewtype=DATA, description=EMSTAT, block=Report, autodisplay=Y);
16644 +    %em_REPORT(key=INTERVAL, viewtype=LATTICE, LATTICETYPE=HISTOGRAM, LATTICEX=VARIABLE, DISCRETEX=Y, X=VALUE,FREQ=PERCENT,block=Report, description=INTERVALTARGET, autodisplay=N);
16645 +    %em_REPORT(key=CLASS, viewtype=LATTICE, LATTICEtype=BAR, LATTICEX=VARIABLE, X=VALUE,FREQ=PERCENT, block=Report, description=CLASSTARGET, autodisplay=Y);
16646 +
16647 +    %if &em_property_summarize eq Y %then %do;
16648 +        filename temp catalog 'sashelp.emmeta.emadvisestatistics.source';
16649 +        %include temp;
16650 +        filename temp;
16651 +
16652 +        data work.tempmeta;
16653 +           set &em_lib..&em_nodeid._CMETA_TRAIN;
16654 +           if ROLE='TARGET' and LEVEL ne 'INTERVAL' then output;
16655 +         run;
16656 +
16657 +        %class_profile(DATA=&em_export_train, OUTPUT=&em_user_class, VARS=,
16658 +                      METADATA=tempmeta, STAT=_STAT, FREQ=);
16659 +
16660 +         data work.tempmeta;
16661 +           set &em_lib..&em_nodeid._CMETA_TRAIN;
16662 +            if ROLE='TARGET' and LEVEL eq 'INTERVAL' then output;
16663 +         run;
16664 +         %var_profile(DATA=&em_export_train, OUTPUT=&em_user_INTERVAL, VARS=, METADATA=tempmeta, COMPUTESTAT=Y, STAT=_STAT, FREQ=,
16665 +                   BINDATA=, BIN=Y, NUMBARS=8, MINMAX=N);
16666 +
16667 +        data work.tempmeta;
16668 +           set &em_lib..&em_nodeid._CMETA_TRAIN;
16669 +        run;
16670 +
16671 +        %if "&em_property_advancedadvisor" eq "N" %then %do;
16672 +            %EmAdviseStat(&em_export_train, maxClassLevels=32, metadata=tempmeta, statisticData=&em_user_emstat);
16673 +
16674 +            data &em_data_exportset;
16675 +                 set &em_data_exportset;
16676 +                 if NODEPORT='TRAIN' then do;
16677 +                    EMINFO="&em_data_eminfo";
16678 +                    EMINFOMODTIME=datetime();
16679 +                 end;
16680 +            run;
16681 +        %end;
16682 +        %else %do;
16683 +            %em_getname(key=EMSTATDEFAULT,     type=DATA);
16684 +            %if %sysfunc(exist(&em_user_emstatdefault)) %then %do;
16685 +                data &em_user_emstat /  view=&em_user_emstat;
16686 +                   set &em_user_emstatdefault;
16687 +                run;
16688 +            %end;
16689 +        %end;
16690 +    %end;
16691 +    %else %do;
16692 +        %if "&em_property_advancedadvisor" eq "N" %then %do;
16693 +            proc datasets lib=&em_lib nolist;
16694 +               delete &em_nodeid._EMINFO;
16695 +            run;
16696 +            quit;
16697 +            data &em_data_exportset;
16698 +                 set &em_data_exportset;
16699 +                 if NODEPORT='TRAIN' then do;
16700 +                    EMINFO="";
16701 +                    EMINFOMODTIME=.;
16702 +                 end;
16703 +            run;
16704 +        %end;
16705 +    %end;
16706 +
16707 +    data &em_data_exportset;
16708 +       set &em_data_exportset;
16709 +       if NODEPORT='TRAIN' then do;
16710 +          ROLE="&em_property_role";
16711 +       end;
16712 +    run;
16713 +
16714 +    %if %sysfunc(exist(&em_data_variableSet)) %then %do;
16715 +        proc freq data=&em_data_variableset noprint;
16716 +             table ROLE*LEVEL/out=work.tempMeta;
16717 +        run;
16718 +        proc print data=work.tempmeta label noobs;
16719 +           var ROLE LEVEL COUNT;
16720 +           label ROLE  = "%sysfunc(sasmsg(sashelp.dmine, meta_role_vlabel, NOQUOTE))"
16721 +                 LEVEL = "%sysfunc(sasmsg(sashelp.dmine, meta_level_vlabel, NOQUOTE))"
16722 +                 COUNT = "%sysfunc(sasmsg(sashelp.dmine, rpt_count_vlabel, NOQUOTE))";
16723 +        title9  ' ';
16724 +        title10  "%sysfunc(sasmsg(sashelp.dmine, rpt_exptattributes_title, NOQUOTE, TRAIN))";
16725 +        run;
16726 +        title10;
16727 +    %end;
16728 +
16729 +    %if %sysfunc(exist(work.tempmeta)) %then %do;
16730 +        proc datasets lib=work nolist;
16731 +           delete tempmeta;
16732 +        run;
16733 +        quit;
16734 +    %end;
16735 +
16736 +%mend report;
16737 +
16738 +
16739 +
16740 +
16741 +
16742 +
16743 +
16744 +
16745 +
16746 +
16747 +
16748 +
16749 +
16750 +
16751 +
16752 +
16753 +
16754 +
16755 +
16756 +
16757 +
16758 +
16759 +
16760 +
16761 +
16762 +
16763 +
16764 +
16765 +
16766 +
16767 +
16768 +
16769 +
16770 +
16771 +
16772 +
16773 +
16774 +
16775 +
16776 +
16777 +
16778 +
16779 +
16780 +
16781 +
16782 +
16783 +
16784 +
NOTE: %INCLUDE (level 1) ending.
NOTE: Fileref TEMP has been deassigned.

NOTE: The data set WORK.EM_USER_REPORT has 132 observations and 4 variables.
NOTE: DATA statement used (Total process time):
      real time           0.01 seconds
      cpu time            0.01 seconds
      


NOTE: There were 132 observations read from the data set WORK.EM_USER_REPORT.
NOTE: The data set WORK.EM_USER_REPORT has 264 observations and 4 variables.
NOTE: DATA statement used (Total process time):
      real time           0.01 seconds
      cpu time            0.01 seconds
      


NOTE: There were 264 observations read from the data set WORK.EM_USER_REPORT.
NOTE: The data set WORK.EM_USER_REPORT has 396 observations and 4 variables.
NOTE: DATA statement used (Total process time):
      real time           0.01 seconds
      cpu time            0.01 seconds
      


NOTE: The file EMWS1.FIMPORT3_EMINFO (memtype=DATA) was not found, but appears on a DELETE statement.

NOTE: PROCEDURE DATASETS used (Total process time):
      real time           0.00 seconds
      cpu time            0.01 seconds
      


NOTE: There were 6 observations read from the data set EMWS1.FIMPORT3_EXPORTSET.
NOTE: The data set EMWS1.FIMPORT3_EXPORTSET has 6 observations and 18 variables.
NOTE: DATA statement used (Total process time):
      real time           0.00 seconds
      cpu time            0.00 seconds
      


NOTE: There were 6 observations read from the data set EMWS1.FIMPORT3_EXPORTSET.
NOTE: The data set EMWS1.FIMPORT3_EXPORTSET has 6 observations and 18 variables.
NOTE: DATA statement used (Total process time):
      real time           0.00 seconds
      cpu time            0.00 seconds
      


NOTE: There were 11 observations read from the data set EMWS1.FIMPORT3_VARIABLESET.
NOTE: The data set WORK.TEMPMETA has 3 observations and 4 variables.
NOTE: PROCEDURE FREQ used (Total process time):
      real time           0.03 seconds
      cpu time            0.00 seconds
      


NOTE: There were 3 observations read from the data set WORK.TEMPMETA.
NOTE: The PROCEDURE PRINT printed page 3.
NOTE: PROCEDURE PRINT used (Total process time):
      real time           0.00 seconds
      cpu time            0.00 seconds
      


NOTE: Deleting WORK.TEMPMETA (memtype=DATA).

NOTE: PROCEDURE DATASETS used (Total process time):
      real time           0.00 seconds
      cpu time            0.01 seconds
      

16785  *------------------------------------------------------------*;
16786  * End REPORT: FIMPORT3;
16787  *------------------------------------------------------------*;

16788  /* Reset EM Options */
16789  options formchar="|----|+|---+=|-/\<>*";
16790  options nocenter ls=256 ps=10000;
16791  goptions reset=all device=GIF NODISPLAY;

16792  proc sort data=WORK.EM_USER_REPORT;
16793  by ID VIEW;
16794  run;

NOTE: There were 396 observations read from the data set WORK.EM_USER_REPORT.
NOTE: The data set WORK.EM_USER_REPORT has 396 observations and 4 variables.
NOTE: PROCEDURE SORT used (Total process time):
      real time           0.00 seconds
      cpu time            0.00 seconds
      

