 
                                                                                                                                                                                                                                                                
 
 
Summary Statistics for Class Targets

Data=DATA

            Numeric    Formatted    Frequency
Variable     Value       Value        Count      Percent     Label

Outcome        0           0            16       45.7143    Outcome
Outcome        1           1            19       54.2857    Outcome


Data=TEST

            Numeric    Formatted    Frequency
Variable     Value       Value        Count      Percent     Label

Outcome        0           0            6        42.8571    Outcome
Outcome        1           1            8        57.1429    Outcome


Data=TRAIN

            Numeric    Formatted    Frequency
Variable     Value       Value        Count      Percent     Label

Outcome        0           0            6        46.1538    Outcome
Outcome        1           1            7        53.8462    Outcome


Data=VALIDATE

            Numeric    Formatted    Frequency
Variable     Value       Value        Count      Percent     Label

Outcome        0           0            4           50      Outcome
Outcome        1           1            4           50      Outcome
